2019-05-15T07:12:44+00:00 CRITICAL Call to a member function is_visible() on string in /var/www/magento1/wp/http/wp-content/plugins/woocommerce/templates/content-product.php on line 23

2019-05-15T07:13:02+00:00 CRITICAL Call to a member function is_visible() on string in /var/www/magento1/wp/http/wp-content/plugins/woocommerce/templates/content-product.php on line 23

2019-05-15T07:30:24+00:00 CRITICAL Call to a member function is_visible() on string in /var/www/magento1/wp/http/wp-content/plugins/woocommerce/templates/content-product.php on line 23

2019-05-15T07:31:56+00:00 CRITICAL Call to a member function is_visible() on string in /var/www/magento1/wp/http/wp-content/plugins/woocommerce/templates/content-product.php on line 23

2019-05-15T07:32:01+00:00 CRITICAL Call to a member function is_on_sale() on string in /var/www/magento1/wp/http/wp-content/plugins/woocommerce/templates/loop/sale-flash.php on line 25

2019-05-15T07:32:14+00:00 CRITICAL Call to a member function is_visible() on string in /var/www/magento1/wp/http/wp-content/plugins/woocommerce/templates/content-product.php on line 23

2019-05-15T07:32:53+00:00 CRITICAL Call to a member function is_visible() on string in /var/www/magento1/wp/http/wp-content/plugins/woocommerce/templates/content-product.php on line 23

2019-05-15T07:42:06+00:00 CRITICAL Object of class stdClass could not be converted to string in /var/www/magento1/wp/http/wp-content/themes/psdtohtml/header.php on line 15

2019-05-15T08:14:40+00:00 CRITICAL syntax error, unexpected '=>' (T_DOUBLE_ARROW) in xdebug://debug-eval on line 1

2019-05-15T11:14:38+00:00 CRITICAL syntax error, unexpected ')' in xdebug://debug-eval on line 1

2019-05-15T11:14:44+00:00 CRITICAL syntax error, unexpected ')' in xdebug://debug-eval on line 1

2019-05-15T12:27:25+00:00 CRITICAL syntax error, unexpected ')' in /var/www/magento1/wp/http/wp-content/themes/psdtohtml/functions.php on line 35

2019-05-15T12:29:26+00:00 CRITICAL syntax error, unexpected ')' in /var/www/magento1/wp/http/wp-content/themes/psdtohtml/functions.php on line 35

2019-05-15T13:02:28+00:00 CRITICAL syntax error, unexpected ')' in xdebug://debug-eval on line 1

2019-05-15T13:02:30+00:00 CRITICAL syntax error, unexpected ')' in xdebug://debug-eval on line 1

2019-05-15T13:21:41+00:00 CRITICAL syntax error, unexpected echo (T_ECHO) in xdebug://debug-eval(1) : eval()'d code on line 1

2019-05-15T13:22:27+00:00 CRITICAL syntax error, unexpected 'echo' (T_ECHO) in xdebug://debug-eval on line 1

2019-05-15T13:25:11+00:00 CRITICAL Call to undefined function getAjax() in xdebug://debug-eval(1) : eval()'d code on line 1

2019-05-15T13:25:14+00:00 CRITICAL Call to undefined function getAjax() in xdebug://debug-eval(1) : eval()'d code on line 1

2019-05-15T13:25:36+00:00 CRITICAL Call to undefined function getAjax() in xdebug://debug-eval(1) : eval()'d code on line 1

2019-05-15T13:55:36+00:00 CRITICAL Call to undefined function getAjax() in xdebug://debug-eval(1) : eval()'d code on line 1

